  Loading openmpi/4.0.1 for compiler gnu-4.8.5
  Loading gcc/8.2.0
2D_n-body_simulation_mpi.c: In function ‘main’:
2D_n-body_simulation_mpi.c:186:18: warning: unused variable ‘rbuf’ [-Wunused-variable]
         particle rbuf[local_particle_count];
                  ^~~~
2D_n-body_simulation_mpi.c:230:73: warning: format ‘%d’ expects argument of type ‘int’, but argument 5 has type ‘long long int’ [-Wformat=]
             "END - No.Ranks: %d, Timesteps: %d, particle_count: %d, x: %d, y: "
                                                                        ~^
                                                                        %lld
2D_n-body_simulation_mpi.c:232:49:
             number_of_ranks, T, particle_count, Nx, Ny);
                                                 ~~                       
2D_n-body_simulation_mpi.c:230:13: warning: format ‘%d’ expects argument of type ‘int’, but argument 6 has type ‘long long int’ [-Wformat=]
             "END - No.Ranks: %d, Timesteps: %d, particle_count: %d, x: %d, y: "
             ^~~~~~~~~~~~~~~~~~~~~~~~~~~~~~~~~~~~~~~~~~~~~~~~~~~~~~~~~~~~~~~~~~~
2D_n-body_simulation_mpi.c:232:53:
             number_of_ranks, T, particle_count, Nx, Ny);
                                                     ~~
2D_n-body_simulation_mpi.c:231:15: note: format string is defined here
             "%d\n",
              ~^
              %lld
